{"/home/kulia26/Documents/macpaw/jokesfinder/src/App.js": {"path":"/home/kulia26/Documents/macpaw/jokesfinder/src/App.js","statementMap":{"0":{"start":{"line":6,"column":4},"end":{"line":6,"column":17}},"1":{"start":{"line":8,"column":26},"end":{"line":8,"column":59}},"2":{"start":{"line":10,"column":22},"end":{"line":10,"column":68}},"3":{"start":{"line":12,"column":4},"end":{"line":22,"column":6}},"4":{"start":{"line":24,"column":4},"end":{"line":24,"column":53}},"5":{"start":{"line":25,"column":4},"end":{"line":25,"column":61}},"6":{"start":{"line":26,"column":4},"end":{"line":26,"column":57}},"7":{"start":{"line":27,"column":4},"end":{"line":27,"column":43}},"8":{"start":{"line":28,"column":4},"end":{"line":28,"column":71}},"9":{"start":{"line":29,"column":4},"end":{"line":29,"column":57}},"10":{"start":{"line":30,"column":4},"end":{"line":30,"column":67}},"11":{"start":{"line":31,"column":4},"end":{"line":31,"column":59}},"12":{"start":{"line":35,"column":4},"end":{"line":35,"column":38}},"13":{"start":{"line":36,"column":4},"end":{"line":49,"column":8}},"14":{"start":{"line":37,"column":21},"end":{"line":37,"column":31}},"15":{"start":{"line":40,"column":10},"end":{"line":44,"column":13}},"16":{"start":{"line":47,"column":10},"end":{"line":47,"column":51}},"17":{"start":{"line":53,"column":4},"end":{"line":64,"column":5}},"18":{"start":{"line":54,"column":6},"end":{"line":63,"column":15}},"19":{"start":{"line":55,"column":8},"end":{"line":55,"column":73}},"20":{"start":{"line":56,"column":8},"end":{"line":56,"column":70}},"21":{"start":{"line":57,"column":8},"end":{"line":62,"column":16}},"22":{"start":{"line":58,"column":10},"end":{"line":61,"column":13}},"23":{"start":{"line":67,"column":4},"end":{"line":67,"column":48}},"24":{"start":{"line":71,"column":4},"end":{"line":71,"column":56}},"25":{"start":{"line":75,"column":4},"end":{"line":75,"column":49}},"26":{"start":{"line":79,"column":18},"end":{"line":79,"column":51}},"27":{"start":{"line":80,"column":4},"end":{"line":80,"column":49}},"28":{"start":{"line":81,"column":4},"end":{"line":81,"column":17}},"29":{"start":{"line":85,"column":17},"end":{"line":85,"column":64}},"30":{"start":{"line":85,"column":52},"end":{"line":85,"column":63}},"31":{"start":{"line":86,"column":4},"end":{"line":86,"column":29}},"32":{"start":{"line":90,"column":22},"end":{"line":90,"column":42}},"33":{"start":{"line":91,"column":15},"end":{"line":91,"column":17}},"34":{"start":{"line":92,"column":18},"end":{"line":98,"column":6}},"35":{"start":{"line":93,"column":6},"end":{"line":96,"column":7}},"36":{"start":{"line":94,"column":8},"end":{"line":94,"column":29}},"37":{"start":{"line":95,"column":8},"end":{"line":95,"column":24}},"38":{"start":{"line":97,"column":6},"end":{"line":97,"column":15}},"39":{"start":{"line":99,"column":4},"end":{"line":99,"column":63}},"40":{"start":{"line":100,"column":4},"end":{"line":100,"column":28}},"41":{"start":{"line":101,"column":4},"end":{"line":101,"column":25}},"42":{"start":{"line":102,"column":4},"end":{"line":102,"column":40}},"43":{"start":{"line":103,"column":4},"end":{"line":103,"column":65}},"44":{"start":{"line":107,"column":22},"end":{"line":113,"column":6}},"45":{"start":{"line":108,"column":6},"end":{"line":111,"column":7}},"46":{"start":{"line":109,"column":8},"end":{"line":109,"column":29}},"47":{"start":{"line":110,"column":8},"end":{"line":110,"column":30}},"48":{"start":{"line":112,"column":6},"end":{"line":112,"column":15}},"49":{"start":{"line":115,"column":18},"end":{"line":120,"column":6}},"50":{"start":{"line":116,"column":6},"end":{"line":118,"column":7}},"51":{"start":{"line":117,"column":8},"end":{"line":117,"column":30}},"52":{"start":{"line":119,"column":6},"end":{"line":119,"column":15}},"53":{"start":{"line":122,"column":4},"end":{"line":122,"column":40}},"54":{"start":{"line":124,"column":4},"end":{"line":128,"column":12}},"55":{"start":{"line":125,"column":24},"end":{"line":125,"column":75}},"56":{"start":{"line":125,"column":59},"end":{"line":125,"column":74}},"57":{"start":{"line":126,"column":6},"end":{"line":126,"column":42}},"58":{"start":{"line":127,"column":6},"end":{"line":127,"column":67}},"59":{"start":{"line":132,"column":4},"end":{"line":132,"column":39}},"60":{"start":{"line":133,"column":4},"end":{"line":145,"column":8}},"61":{"start":{"line":134,"column":21},"end":{"line":134,"column":31}},"62":{"start":{"line":137,"column":24},"end":{"line":137,"column":40}},"63":{"start":{"line":138,"column":10},"end":{"line":138,"column":68}},"64":{"start":{"line":139,"column":10},"end":{"line":139,"column":32}},"65":{"start":{"line":140,"column":10},"end":{"line":140,"column":51}},"66":{"start":{"line":143,"column":10},"end":{"line":143,"column":51}},"67":{"start":{"line":149,"column":4},"end":{"line":149,"column":39}},"68":{"start":{"line":150,"column":21},"end":{"line":150,"column":44}},"69":{"start":{"line":151,"column":4},"end":{"line":165,"column":8}},"70":{"start":{"line":154,"column":21},"end":{"line":154,"column":31}},"71":{"start":{"line":157,"column":24},"end":{"line":157,"column":40}},"72":{"start":{"line":158,"column":10},"end":{"line":158,"column":68}},"73":{"start":{"line":159,"column":10},"end":{"line":159,"column":32}},"74":{"start":{"line":160,"column":10},"end":{"line":160,"column":51}},"75":{"start":{"line":163,"column":10},"end":{"line":163,"column":51}},"76":{"start":{"line":169,"column":4},"end":{"line":203,"column":5}},"77":{"start":{"line":170,"column":6},"end":{"line":175,"column":9}},"78":{"start":{"line":177,"column":20},"end":{"line":177,"column":36}},"79":{"start":{"line":178,"column":6},"end":{"line":202,"column":10}},"80":{"start":{"line":179,"column":23},"end":{"line":179,"column":33}},"81":{"start":{"line":182,"column":12},"end":{"line":197,"column":13}},"82":{"start":{"line":183,"column":14},"end":{"line":188,"column":17}},"83":{"start":{"line":190,"column":14},"end":{"line":190,"column":49}},"84":{"start":{"line":191,"column":26},"end":{"line":191,"column":42}},"85":{"start":{"line":192,"column":14},"end":{"line":194,"column":17}},"86":{"start":{"line":193,"column":16},"end":{"line":193,"column":70}},"87":{"start":{"line":195,"column":14},"end":{"line":195,"column":50}},"88":{"start":{"line":196,"column":14},"end":{"line":196,"column":78}},"89":{"start":{"line":196,"column":31},"end":{"line":196,"column":71}},"90":{"start":{"line":200,"column":12},"end":{"line":200,"column":53}},"91":{"start":{"line":207,"column":4},"end":{"line":209,"column":5}},"92":{"start":{"line":208,"column":6},"end":{"line":208,"column":27}},"93":{"start":{"line":210,"column":4},"end":{"line":212,"column":5}},"94":{"start":{"line":211,"column":6},"end":{"line":211,"column":33}},"95":{"start":{"line":213,"column":4},"end":{"line":215,"column":5}},"96":{"start":{"line":214,"column":6},"end":{"line":214,"column":30}},"97":{"start":{"line":219,"column":4},"end":{"line":367,"column":6}},"98":{"start":{"line":272,"column":42},"end":{"line":272,"column":73}},"99":{"start":{"line":273,"column":22},"end":{"line":285,"column":24}},"100":{"start":{"line":309,"column":20},"end":{"line":312,"column":21}},"101":{"start":{"line":310,"column":22},"end":{"line":310,"column":41}},"102":{"start":{"line":311,"column":22},"end":{"line":311,"column":37}},"103":{"start":{"line":340,"column":16},"end":{"line":346,"column":24}},"104":{"start":{"line":356,"column":14},"end":{"line":362,"column":22}}},"fnMap":{"0":{"name":"(anonymous_0)","decl":{"start":{"line":5,"column":2},"end":{"line":5,"column":3}},"loc":{"start":{"line":5,"column":21},"end":{"line":32,"column":3}},"line":5},"1":{"name":"(anonymous_1)","decl":{"start":{"line":34,"column":2},"end":{"line":34,"column":3}},"loc":{"start":{"line":34,"column":22},"end":{"line":50,"column":3}},"line":34},"2":{"name":"(anonymous_2)","decl":{"start":{"line":37,"column":12},"end":{"line":37,"column":13}},"loc":{"start":{"line":37,"column":21},"end":{"line":37,"column":31}},"line":37},"3":{"name":"(anonymous_3)","decl":{"start":{"line":39,"column":8},"end":{"line":39,"column":9}},"loc":{"start":{"line":39,"column":20},"end":{"line":45,"column":9}},"line":39},"4":{"name":"(anonymous_4)","decl":{"start":{"line":46,"column":8},"end":{"line":46,"column":9}},"loc":{"start":{"line":46,"column":19},"end":{"line":48,"column":9}},"line":46},"5":{"name":"(anonymous_5)","decl":{"start":{"line":52,"column":2},"end":{"line":52,"column":3}},"loc":{"start":{"line":52,"column":23},"end":{"line":65,"column":3}},"line":52},"6":{"name":"(anonymous_6)","decl":{"start":{"line":54,"column":17},"end":{"line":54,"column":18}},"loc":{"start":{"line":54,"column":23},"end":{"line":63,"column":7}},"line":54},"7":{"name":"(anonymous_7)","decl":{"start":{"line":57,"column":19},"end":{"line":57,"column":20}},"loc":{"start":{"line":57,"column":25},"end":{"line":62,"column":9}},"line":57},"8":{"name":"(anonymous_8)","decl":{"start":{"line":66,"column":2},"end":{"line":66,"column":3}},"loc":{"start":{"line":66,"column":22},"end":{"line":68,"column":3}},"line":66},"9":{"name":"(anonymous_9)","decl":{"start":{"line":70,"column":2},"end":{"line":70,"column":3}},"loc":{"start":{"line":70,"column":26},"end":{"line":72,"column":3}},"line":70},"10":{"name":"(anonymous_10)","decl":{"start":{"line":74,"column":2},"end":{"line":74,"column":3}},"loc":{"start":{"line":74,"column":24},"end":{"line":76,"column":3}},"line":74},"11":{"name":"(anonymous_11)","decl":{"start":{"line":78,"column":2},"end":{"line":78,"column":3}},"loc":{"start":{"line":78,"column":26},"end":{"line":82,"column":3}},"line":78},"12":{"name":"(anonymous_12)","decl":{"start":{"line":84,"column":2},"end":{"line":84,"column":3}},"loc":{"start":{"line":84,"column":22},"end":{"line":87,"column":3}},"line":84},"13":{"name":"(anonymous_13)","decl":{"start":{"line":85,"column":45},"end":{"line":85,"column":46}},"loc":{"start":{"line":85,"column":52},"end":{"line":85,"column":63}},"line":85},"14":{"name":"(anonymous_14)","decl":{"start":{"line":89,"column":2},"end":{"line":89,"column":3}},"loc":{"start":{"line":89,"column":25},"end":{"line":104,"column":3}},"line":89},"15":{"name":"(anonymous_15)","decl":{"start":{"line":92,"column":39},"end":{"line":92,"column":40}},"loc":{"start":{"line":92,"column":46},"end":{"line":98,"column":5}},"line":92},"16":{"name":"(anonymous_16)","decl":{"start":{"line":106,"column":2},"end":{"line":106,"column":3}},"loc":{"start":{"line":106,"column":30},"end":{"line":129,"column":3}},"line":106},"17":{"name":"(anonymous_17)","decl":{"start":{"line":107,"column":47},"end":{"line":107,"column":48}},"loc":{"start":{"line":107,"column":54},"end":{"line":113,"column":5}},"line":107},"18":{"name":"(anonymous_18)","decl":{"start":{"line":115,"column":39},"end":{"line":115,"column":40}},"loc":{"start":{"line":115,"column":46},"end":{"line":120,"column":5}},"line":115},"19":{"name":"(anonymous_19)","decl":{"start":{"line":124,"column":15},"end":{"line":124,"column":16}},"loc":{"start":{"line":124,"column":21},"end":{"line":128,"column":5}},"line":124},"20":{"name":"(anonymous_20)","decl":{"start":{"line":125,"column":52},"end":{"line":125,"column":53}},"loc":{"start":{"line":125,"column":59},"end":{"line":125,"column":74}},"line":125},"21":{"name":"(anonymous_21)","decl":{"start":{"line":131,"column":2},"end":{"line":131,"column":3}},"loc":{"start":{"line":131,"column":18},"end":{"line":146,"column":3}},"line":131},"22":{"name":"(anonymous_22)","decl":{"start":{"line":134,"column":12},"end":{"line":134,"column":13}},"loc":{"start":{"line":134,"column":21},"end":{"line":134,"column":31}},"line":134},"23":{"name":"(anonymous_23)","decl":{"start":{"line":136,"column":8},"end":{"line":136,"column":9}},"loc":{"start":{"line":136,"column":20},"end":{"line":141,"column":9}},"line":136},"24":{"name":"(anonymous_24)","decl":{"start":{"line":142,"column":8},"end":{"line":142,"column":9}},"loc":{"start":{"line":142,"column":19},"end":{"line":144,"column":9}},"line":142},"25":{"name":"(anonymous_25)","decl":{"start":{"line":148,"column":2},"end":{"line":148,"column":3}},"loc":{"start":{"line":148,"column":24},"end":{"line":166,"column":3}},"line":148},"26":{"name":"(anonymous_26)","decl":{"start":{"line":154,"column":12},"end":{"line":154,"column":13}},"loc":{"start":{"line":154,"column":21},"end":{"line":154,"column":31}},"line":154},"27":{"name":"(anonymous_27)","decl":{"start":{"line":156,"column":8},"end":{"line":156,"column":9}},"loc":{"start":{"line":156,"column":20},"end":{"line":161,"column":9}},"line":156},"28":{"name":"(anonymous_28)","decl":{"start":{"line":162,"column":8},"end":{"line":162,"column":9}},"loc":{"start":{"line":162,"column":19},"end":{"line":164,"column":9}},"line":162},"29":{"name":"(anonymous_29)","decl":{"start":{"line":168,"column":2},"end":{"line":168,"column":3}},"loc":{"start":{"line":168,"column":21},"end":{"line":204,"column":3}},"line":168},"30":{"name":"(anonymous_30)","decl":{"start":{"line":179,"column":14},"end":{"line":179,"column":15}},"loc":{"start":{"line":179,"column":23},"end":{"line":179,"column":33}},"line":179},"31":{"name":"(anonymous_31)","decl":{"start":{"line":181,"column":10},"end":{"line":181,"column":11}},"loc":{"start":{"line":181,"column":22},"end":{"line":198,"column":11}},"line":181},"32":{"name":"(anonymous_32)","decl":{"start":{"line":192,"column":36},"end":{"line":192,"column":37}},"loc":{"start":{"line":192,"column":46},"end":{"line":194,"column":15}},"line":192},"33":{"name":"(anonymous_33)","decl":{"start":{"line":196,"column":25},"end":{"line":196,"column":26}},"loc":{"start":{"line":196,"column":31},"end":{"line":196,"column":71}},"line":196},"34":{"name":"(anonymous_34)","decl":{"start":{"line":199,"column":10},"end":{"line":199,"column":11}},"loc":{"start":{"line":199,"column":21},"end":{"line":201,"column":11}},"line":199},"35":{"name":"(anonymous_35)","decl":{"start":{"line":206,"column":2},"end":{"line":206,"column":3}},"loc":{"start":{"line":206,"column":12},"end":{"line":216,"column":3}},"line":206},"36":{"name":"(anonymous_36)","decl":{"start":{"line":218,"column":2},"end":{"line":218,"column":3}},"loc":{"start":{"line":218,"column":11},"end":{"line":368,"column":3}},"line":218},"37":{"name":"(anonymous_37)","decl":{"start":{"line":271,"column":47},"end":{"line":271,"column":48}},"loc":{"start":{"line":271,"column":56},"end":{"line":286,"column":21}},"line":271},"38":{"name":"(anonymous_38)","decl":{"start":{"line":308,"column":30},"end":{"line":308,"column":31}},"loc":{"start":{"line":308,"column":37},"end":{"line":313,"column":19}},"line":308},"39":{"name":"(anonymous_39)","decl":{"start":{"line":339,"column":36},"end":{"line":339,"column":37}},"loc":{"start":{"line":340,"column":16},"end":{"line":346,"column":24}},"line":340},"40":{"name":"(anonymous_40)","decl":{"start":{"line":355,"column":38},"end":{"line":355,"column":39}},"loc":{"start":{"line":356,"column":14},"end":{"line":362,"column":22}},"line":356}},"branchMap":{"0":{"loc":{"start":{"line":10,"column":22},"end":{"line":10,"column":68}},"type":"cond-expr","locations":[{"start":{"line":10,"column":38},"end":{"line":10,"column":63}},{"start":{"line":10,"column":66},"end":{"line":10,"column":68}}],"line":10},"1":{"loc":{"start":{"line":53,"column":4},"end":{"line":64,"column":5}},"type":"if","locations":[{"start":{"line":53,"column":4},"end":{"line":64,"column":5}},{"start":{"line":53,"column":4},"end":{"line":64,"column":5}}],"line":53},"2":{"loc":{"start":{"line":93,"column":6},"end":{"line":96,"column":7}},"type":"if","locations":[{"start":{"line":93,"column":6},"end":{"line":96,"column":7}},{"start":{"line":93,"column":6},"end":{"line":96,"column":7}}],"line":93},"3":{"loc":{"start":{"line":108,"column":6},"end":{"line":111,"column":7}},"type":"if","locations":[{"start":{"line":108,"column":6},"end":{"line":111,"column":7}},{"start":{"line":108,"column":6},"end":{"line":111,"column":7}}],"line":108},"4":{"loc":{"start":{"line":116,"column":6},"end":{"line":118,"column":7}},"type":"if","locations":[{"start":{"line":116,"column":6},"end":{"line":118,"column":7}},{"start":{"line":116,"column":6},"end":{"line":118,"column":7}}],"line":116},"5":{"loc":{"start":{"line":169,"column":4},"end":{"line":203,"column":5}},"type":"if","locations":[{"start":{"line":169,"column":4},"end":{"line":203,"column":5}},{"start":{"line":169,"column":4},"end":{"line":203,"column":5}}],"line":169},"6":{"loc":{"start":{"line":169,"column":8},"end":{"line":169,"column":68}},"type":"binary-expr","locations":[{"start":{"line":169,"column":8},"end":{"line":169,"column":35}},{"start":{"line":169,"column":39},"end":{"line":169,"column":68}}],"line":169},"7":{"loc":{"start":{"line":182,"column":12},"end":{"line":197,"column":13}},"type":"if","locations":[{"start":{"line":182,"column":12},"end":{"line":197,"column":13}},{"start":{"line":182,"column":12},"end":{"line":197,"column":13}}],"line":182},"8":{"loc":{"start":{"line":207,"column":4},"end":{"line":209,"column":5}},"type":"if","locations":[{"start":{"line":207,"column":4},"end":{"line":209,"column":5}},{"start":{"line":207,"column":4},"end":{"line":209,"column":5}}],"line":207},"9":{"loc":{"start":{"line":210,"column":4},"end":{"line":212,"column":5}},"type":"if","locations":[{"start":{"line":210,"column":4},"end":{"line":212,"column":5}},{"start":{"line":210,"column":4},"end":{"line":212,"column":5}}],"line":210},"10":{"loc":{"start":{"line":210,"column":8},"end":{"line":210,"column":67}},"type":"binary-expr","locations":[{"start":{"line":210,"column":8},"end":{"line":210,"column":40}},{"start":{"line":210,"column":44},"end":{"line":210,"column":67}}],"line":210},"11":{"loc":{"start":{"line":213,"column":4},"end":{"line":215,"column":5}},"type":"if","locations":[{"start":{"line":213,"column":4},"end":{"line":215,"column":5}},{"start":{"line":213,"column":4},"end":{"line":215,"column":5}}],"line":213},"12":{"loc":{"start":{"line":213,"column":8},"end":{"line":213,"column":56}},"type":"binary-expr","locations":[{"start":{"line":213,"column":8},"end":{"line":213,"column":36}},{"start":{"line":213,"column":40},"end":{"line":213,"column":56}}],"line":213},"13":{"loc":{"start":{"line":266,"column":22},"end":{"line":268,"column":43}},"type":"cond-expr","locations":[{"start":{"line":267,"column":26},"end":{"line":267,"column":43}},{"start":{"line":268,"column":26},"end":{"line":268,"column":43}}],"line":266},"14":{"loc":{"start":{"line":301,"column":20},"end":{"line":301,"column":80}},"type":"cond-expr","locations":[{"start":{"line":301,"column":51},"end":{"line":301,"column":64}},{"start":{"line":301,"column":67},"end":{"line":301,"column":80}}],"line":301},"15":{"loc":{"start":{"line":309,"column":20},"end":{"line":312,"column":21}},"type":"if","locations":[{"start":{"line":309,"column":20},"end":{"line":312,"column":21}},{"start":{"line":309,"column":20},"end":{"line":312,"column":21}}],"line":309},"16":{"loc":{"start":{"line":325,"column":29},"end":{"line":325,"column":66}},"type":"cond-expr","locations":[{"start":{"line":325,"column":51},"end":{"line":325,"column":57}},{"start":{"line":325,"column":60},"end":{"line":325,"column":66}}],"line":325},"17":{"loc":{"start":{"line":331,"column":29},"end":{"line":331,"column":63}},"type":"cond-expr","locations":[{"start":{"line":331,"column":48},"end":{"line":331,"column":54}},{"start":{"line":331,"column":57},"end":{"line":331,"column":63}}],"line":331},"18":{"loc":{"start":{"line":333,"column":19},"end":{"line":333,"column":67}},"type":"cond-expr","locations":[{"start":{"line":333,"column":38},"end":{"line":333,"column":62}},{"start":{"line":333,"column":65},"end":{"line":333,"column":67}}],"line":333}},"s":{"0":1,"1":1,"2":1,"3":1,"4":1,"5":1,"6":1,"7":1,"8":1,"9":1,"10":1,"11":1,"12":1,"13":1,"14":0,"15":0,"16":0,"17":1,"18":0,"19":0,"20":0,"21":0,"22":0,"23":0,"24":0,"25":0,"26":0,"27":0,"28":0,"29":0,"30":0,"31":0,"32":0,"33":0,"34":0,"35":0,"36":0,"37":0,"38":0,"39":0,"40":0,"41":0,"42":0,"43":0,"44":0,"45":0,"46":0,"47":0,"48":0,"49":0,"50":0,"51":0,"52":0,"53":0,"54":0,"55":0,"56":0,"57":0,"58":0,"59":0,"60":0,"61":0,"62":0,"63":0,"64":0,"65":0,"66":0,"67":0,"68":0,"69":0,"70":0,"71":0,"72":0,"73":0,"74":0,"75":0,"76":0,"77":0,"78":0,"79":0,"80":0,"81":0,"82":0,"83":0,"84":0,"85":0,"86":0,"87":0,"88":0,"89":0,"90":0,"91":0,"92":0,"93":0,"94":0,"95":0,"96":0,"97":2,"98":0,"99":0,"100":0,"101":0,"102":0,"103":0,"104":0},"f":{"0":1,"1":1,"2":0,"3":0,"4":0,"5":1,"6":0,"7":0,"8":0,"9":0,"10":0,"11":0,"12":0,"13":0,"14":0,"15":0,"16":0,"17":0,"18":0,"19":0,"20":0,"21":0,"22":0,"23":0,"24":0,"25":0,"26":0,"27":0,"28":0,"29":0,"30":0,"31":0,"32":0,"33":0,"34":0,"35":0,"36":2,"37":0,"38":0,"39":0,"40":0},"b":{"0":[0,1],"1":[0,1],"2":[0,0],"3":[0,0],"4":[0,0],"5":[0,0],"6":[0,0],"7":[0,0],"8":[0,0],"9":[0,0],"10":[0,0],"11":[0,0],"12":[0,0],"13":[0,2],"14":[0,2],"15":[0,0],"16":[1,1],"17":[0,2],"18":[0,2]},"_coverageSchema":"43e27e138ebf9cfc5966b082cf9a028302ed4184","hash":"2d249b35fce211f6620804a3ac7effc937ce8df1"}
,"/home/kulia26/Documents/macpaw/jokesfinder/src/Joke.js": {"path":"/home/kulia26/Documents/macpaw/jokesfinder/src/Joke.js","statementMap":{"0":{"start":{"line":10,"column":4},"end":{"line":10,"column":17}},"1":{"start":{"line":11,"column":4},"end":{"line":14,"column":6}},"2":{"start":{"line":15,"column":4},"end":{"line":15,"column":57}},"3":{"start":{"line":16,"column":4},"end":{"line":16,"column":63}},"4":{"start":{"line":20,"column":4},"end":{"line":22,"column":10}},"5":{"start":{"line":21,"column":6},"end":{"line":21,"column":43}},"6":{"start":{"line":26,"column":4},"end":{"line":26,"column":70}},"7":{"start":{"line":30,"column":4},"end":{"line":73,"column":6}},"8":{"start":{"line":39,"column":12},"end":{"line":39,"column":53}},"9":{"start":{"line":48,"column":12},"end":{"line":48,"column":58}},"10":{"start":{"line":77,"column":0},"end":{"line":87,"column":2}}},"fnMap":{"0":{"name":"(anonymous_0)","decl":{"start":{"line":9,"column":2},"end":{"line":9,"column":3}},"loc":{"start":{"line":9,"column":21},"end":{"line":17,"column":3}},"line":9},"1":{"name":"(anonymous_1)","decl":{"start":{"line":19,"column":2},"end":{"line":19,"column":3}},"loc":{"start":{"line":19,"column":22},"end":{"line":23,"column":3}},"line":19},"2":{"name":"(anonymous_2)","decl":{"start":{"line":20,"column":15},"end":{"line":20,"column":16}},"loc":{"start":{"line":20,"column":21},"end":{"line":22,"column":5}},"line":20},"3":{"name":"(anonymous_3)","decl":{"start":{"line":25,"column":2},"end":{"line":25,"column":3}},"loc":{"start":{"line":25,"column":23},"end":{"line":27,"column":3}},"line":25},"4":{"name":"(anonymous_4)","decl":{"start":{"line":29,"column":2},"end":{"line":29,"column":3}},"loc":{"start":{"line":29,"column":11},"end":{"line":74,"column":3}},"line":29},"5":{"name":"(anonymous_5)","decl":{"start":{"line":38,"column":19},"end":{"line":38,"column":20}},"loc":{"start":{"line":38,"column":25},"end":{"line":40,"column":11}},"line":38},"6":{"name":"(anonymous_6)","decl":{"start":{"line":47,"column":19},"end":{"line":47,"column":20}},"loc":{"start":{"line":47,"column":25},"end":{"line":49,"column":11}},"line":47}},"branchMap":{"0":{"loc":{"start":{"line":12,"column":19},"end":{"line":12,"column":72}},"type":"binary-expr","locations":[{"start":{"line":12,"column":19},"end":{"line":12,"column":40}},{"start":{"line":12,"column":44},"end":{"line":12,"column":72}}],"line":12},"1":{"loc":{"start":{"line":37,"column":21},"end":{"line":37,"column":71}},"type":"cond-expr","locations":[{"start":{"line":37,"column":46},"end":{"line":37,"column":57}},{"start":{"line":37,"column":60},"end":{"line":37,"column":71}}],"line":37},"2":{"loc":{"start":{"line":46,"column":21},"end":{"line":46,"column":71}},"type":"cond-expr","locations":[{"start":{"line":46,"column":46},"end":{"line":46,"column":57}},{"start":{"line":46,"column":60},"end":{"line":46,"column":71}}],"line":46},"3":{"loc":{"start":{"line":69,"column":25},"end":{"line":69,"column":65}},"type":"cond-expr","locations":[{"start":{"line":69,"column":50},"end":{"line":69,"column":56}},{"start":{"line":69,"column":59},"end":{"line":69,"column":65}}],"line":69}},"s":{"0":0,"1":0,"2":0,"3":0,"4":0,"5":0,"6":0,"7":0,"8":0,"9":0,"10":1},"f":{"0":0,"1":0,"2":0,"3":0,"4":0,"5":0,"6":0},"b":{"0":[0,0],"1":[0,0],"2":[0,0],"3":[0,0]},"_coverageSchema":"43e27e138ebf9cfc5966b082cf9a028302ed4184","hash":"4e47adb1b9806e97ad0b47ba2172a5264a4a111c"}
,"/home/kulia26/Documents/macpaw/jokesfinder/src/index.js": {"path":"/home/kulia26/Documents/macpaw/jokesfinder/src/index.js","statementMap":{"0":{"start":{"line":8,"column":0},"end":{"line":13,"column":2}},"1":{"start":{"line":18,"column":0},"end":{"line":18,"column":27}}},"fnMap":{},"branchMap":{},"s":{"0":0,"1":0},"f":{},"b":{},"hash":"c600f5487c70708c131174d79c60500960df8fff"}
}
